  AABB.cpp
  AIDemoState.cpp
  AIWisdom.cpp
  AudioDemoState.cpp
  Billboard.cpp
  Board.cpp
  Box3D.cpp
  CameraController.cpp
  Cloth.cpp
  CollisionMesh.cpp
  CollisionSphere.cpp
  CollisionSystem.cpp
  Crate.cpp
  DepthFirstSearchTest.cpp
  Enemy.cpp
  EventHandler.cpp
  EventPoller.cpp
  Exit.cpp
  Factory.cpp
  File.cpp
  Generating Code...
c:\users\amira\documents\github\amir-3d-engine\3dengine\3dengine\depthfirstsearchtest.cpp(65): warning C4715: 'Engine::DepthFirstSearchTest::DFSearch': not all control paths return a value
  Compiling...
  FileHeaderReader.cpp
  FontManager.cpp
  Frustum.cpp
  FuzzyLogicTestState.cpp
  Game.cpp
  GameObject.cpp
  GameObjectFactory.cpp
  GameState.cpp
  GLShader.cpp
  Graph.cpp
  HudUI.cpp
  IdleState.cpp
  Image.cpp
c:\users\amira\documents\github\amir-3d-engine\3dengine\3dengine\image.cpp(25): warning C4838: conversion from 'int' to 'Sint16' requires a narrowing conversion
  Joystick.cpp
  Light.cpp
  LineSeg3.cpp
  Log.cpp
  LossState.cpp
  Main.cpp
  MakeOctree.cpp
  Generating Code...
  Compiling...
  Material.cpp
  Matix.cpp
  MgcDistLin3Lin3.cpp
  MgcDistLin3Tri3.cpp
  MgcDistVec3Tri3.cpp
  MgcMath.cpp
  MgcPlane.cpp
  MgcVector3.cpp
  NodePriorityQueue.cpp
  Npc.cpp
  OBB3.cpp
  ObjMesh.cpp
  ObjMeshFunction.cpp
  Octree.cpp
  Particle.cpp
  PhysicsDemoState.cpp
  Plance.cpp
  Player.cpp
  PlayState.cpp
  PortSndAudioManager.cpp
  Generating Code...
c:\users\amira\documents\github\amir-3d-engine\3dengine\3dengine\plance.cpp(59): warning C4715: 'Engine::PlaneEquation::DistanceToLineSeg': not all control paths return a value
  Compiling...
  Quaternion.cpp
  RedTeapot.cpp
  Report.cpp
  RidgidBodyGO.cpp
  Room.cpp
  Screen.cpp
  SimpleCollisionSystem.cpp
  SoundFile.cpp
  SoundManager.cpp
  SplashState.cpp
  Spring.cpp
  SweepAndPrune.cpp
  TestState.cpp
  TextureManager.cpp
  Timer.cpp
  TimeLine.cpp
  WinState.cpp
  Generating Code...
  3DEngine.vcxproj -> C:\Users\amira\Documents\GitHub\amir-3d-engine\3DEngine\Debug\3DEngine.exe
