C:\USERS\AMIR\DOCUMENTS\VISUAL STUDIO 2010\PROJECTS\3DENGINE\3DENGINE\DEBUG\PLAYER.OBJ
C:\USERS\AMIR\DOCUMENTS\VISUAL STUDIO 2010\PROJECTS\3DENGINE\3DENGINE\DEBUG\PLAYSTATE.OBJ
C:\USERS\AMIR\DOCUMENTS\VISUAL STUDIO 2010\PROJECTS\3DENGINE\3DENGINE\DEBUG\PORTSNDAUDIOMANAGER.OBJ
C:\USERS\AMIR\DOCUMENTS\VISUAL STUDIO 2010\PROJECTS\3DENGINE\3DENGINE\DEBUG\QUATERNION.OBJ
C:\USERS\AMIR\DOCUMENTS\VISUAL STUDIO 2010\PROJECTS\3DENGINE\3DENGINE\DEBUG\REDTEAPOT.OBJ
C:\USERS\AMIR\DOCUMENTS\VISUAL STUDIO 2010\PROJECTS\3DENGINE\3DENGINE\DEBUG\REPORT.OBJ
C:\USERS\AMIR\DOCUMENTS\VISUAL STUDIO 2010\PROJECTS\3DENGINE\3DENGINE\DEBUG\RIDGIDBODYGO.OBJ
C:\USERS\AMIR\DOCUMENTS\VISUAL STUDIO 2010\PROJECTS\3DENGINE\3DENGINE\DEBUG\ROOM.OBJ
C:\USERS\AMIR\DOCUMENTS\VISUAL STUDIO 2010\PROJECTS\3DENGINE\3DENGINE\DEBUG\SCREEN.OBJ
C:\USERS\AMIR\DOCUMENTS\VISUAL STUDIO 2010\PROJECTS\3DENGINE\3DENGINE\DEBUG\SIMPLECOLLISIONSYSTEM.OBJ
C:\USERS\AMIR\DOCUMENTS\VISUAL STUDIO 2010\PROJECTS\3DENGINE\3DENGINE\DEBUG\SOUNDFILE.OBJ
C:\USERS\AMIR\DOCUMENTS\VISUAL STUDIO 2010\PROJECTS\3DENGINE\3DENGINE\DEBUG\SOUNDMANAGER.OBJ
C:\USERS\AMIR\DOCUMENTS\VISUAL STUDIO 2010\PROJECTS\3DENGINE\3DENGINE\DEBUG\SPLASHSTATE.OBJ
C:\USERS\AMIR\DOCUMENTS\VISUAL STUDIO 2010\PROJECTS\3DENGINE\3DENGINE\DEBUG\SPRING.OBJ
C:\USERS\AMIR\DOCUMENTS\VISUAL STUDIO 2010\PROJECTS\3DENGINE\3DENGINE\DEBUG\SWEEPANDPRUNE.OBJ
C:\USERS\AMIR\DOCUMENTS\VISUAL STUDIO 2010\PROJECTS\3DENGINE\3DENGINE\DEBUG\TESTSTATE.OBJ
C:\USERS\AMIR\DOCUMENTS\VISUAL STUDIO 2010\PROJECTS\3DENGINE\3DENGINE\DEBUG\TEXTUREMANAGER.OBJ
C:\USERS\AMIR\DOCUMENTS\VISUAL STUDIO 2010\PROJECTS\3DENGINE\3DENGINE\DEBUG\TIMER.OBJ
C:\USERS\AMIR\DOCUMENTS\VISUAL STUDIO 2010\PROJECTS\3DENGINE\3DENGINE\DEBUG\TIMELINE.OBJ
C:\USERS\AMIR\DOCUMENTS\VISUAL STUDIO 2010\PROJECTS\3DENGINE\3DENGINE\DEBUG\WINSTATE.OBJ
C:\USERS\AMIR\DOCUMENTS\VISUAL STUDIO 2010\PROJECTS\3DENGINE\3DENGINE\DEBUG\LOSSSTATE.OBJ
C:\USERS\AMIR\DOCUMENTS\VISUAL STUDIO 2010\PROJECTS\3DENGINE\3DENGINE\DEBUG\MAIN.OBJ
C:\USERS\AMIR\DOCUMENTS\VISUAL STUDIO 2010\PROJECTS\3DENGINE\3DENGINE\DEBUG\MAKEOCTREE.OBJ
C:\USERS\AMIR\DOCUMENTS\VISUAL STUDIO 2010\PROJECTS\3DENGINE\3DENGINE\DEBUG\MATERIAL.OBJ
C:\USERS\AMIR\DOCUMENTS\VISUAL STUDIO 2010\PROJECTS\3DENGINE\3DENGINE\DEBUG\MATIX.OBJ
C:\USERS\AMIR\DOCUMENTS\VISUAL STUDIO 2010\PROJECTS\3DENGINE\3DENGINE\DEBUG\MGCDISTLIN3LIN3.OBJ
C:\USERS\AMIR\DOCUMENTS\VISUAL STUDIO 2010\PROJECTS\3DENGINE\3DENGINE\DEBUG\MGCDISTLIN3TRI3.OBJ
C:\USERS\AMIR\DOCUMENTS\VISUAL STUDIO 2010\PROJECTS\3DENGINE\3DENGINE\DEBUG\MGCDISTVEC3TRI3.OBJ
C:\USERS\AMIR\DOCUMENTS\VISUAL STUDIO 2010\PROJECTS\3DENGINE\3DENGINE\DEBUG\MGCMATH.OBJ
C:\USERS\AMIR\DOCUMENTS\VISUAL STUDIO 2010\PROJECTS\3DENGINE\3DENGINE\DEBUG\MGCPLANE.OBJ
C:\USERS\AMIR\DOCUMENTS\VISUAL STUDIO 2010\PROJECTS\3DENGINE\3DENGINE\DEBUG\MGCVECTOR3.OBJ
C:\USERS\AMIR\DOCUMENTS\VISUAL STUDIO 2010\PROJECTS\3DENGINE\3DENGINE\DEBUG\NODEPRIORITYQUEUE.OBJ
C:\USERS\AMIR\DOCUMENTS\VISUAL STUDIO 2010\PROJECTS\3DENGINE\3DENGINE\DEBUG\NPC.OBJ
C:\USERS\AMIR\DOCUMENTS\VISUAL STUDIO 2010\PROJECTS\3DENGINE\3DENGINE\DEBUG\OBB3.OBJ
C:\USERS\AMIR\DOCUMENTS\VISUAL STUDIO 2010\PROJECTS\3DENGINE\3DENGINE\DEBUG\OBJMESH.OBJ
C:\USERS\AMIR\DOCUMENTS\VISUAL STUDIO 2010\PROJECTS\3DENGINE\3DENGINE\DEBUG\OBJMESHFUNCTION.OBJ
C:\USERS\AMIR\DOCUMENTS\VISUAL STUDIO 2010\PROJECTS\3DENGINE\3DENGINE\DEBUG\OCTREE.OBJ
C:\USERS\AMIR\DOCUMENTS\VISUAL STUDIO 2010\PROJECTS\3DENGINE\3DENGINE\DEBUG\PARTICLE.OBJ
C:\USERS\AMIR\DOCUMENTS\VISUAL STUDIO 2010\PROJECTS\3DENGINE\3DENGINE\DEBUG\PHYSICSDEMOSTATE.OBJ
C:\USERS\AMIR\DOCUMENTS\VISUAL STUDIO 2010\PROJECTS\3DENGINE\3DENGINE\DEBUG\PLANCE.OBJ
C:\USERS\AMIR\DOCUMENTS\VISUAL STUDIO 2010\PROJECTS\3DENGINE\3DENGINE\DEBUG\EXIT.OBJ
C:\USERS\AMIR\DOCUMENTS\VISUAL STUDIO 2010\PROJECTS\3DENGINE\3DENGINE\DEBUG\FACTORY.OBJ
C:\USERS\AMIR\DOCUMENTS\VISUAL STUDIO 2010\PROJECTS\3DENGINE\3DENGINE\DEBUG\FILE.OBJ
C:\USERS\AMIR\DOCUMENTS\VISUAL STUDIO 2010\PROJECTS\3DENGINE\3DENGINE\DEBUG\FILEHEADERREADER.OBJ
C:\USERS\AMIR\DOCUMENTS\VISUAL STUDIO 2010\PROJECTS\3DENGINE\3DENGINE\DEBUG\FONTMANAGER.OBJ
C:\USERS\AMIR\DOCUMENTS\VISUAL STUDIO 2010\PROJECTS\3DENGINE\3DENGINE\DEBUG\FRUSTUM.OBJ
C:\USERS\AMIR\DOCUMENTS\VISUAL STUDIO 2010\PROJECTS\3DENGINE\3DENGINE\DEBUG\FUZZYLOGICTESTSTATE.OBJ
C:\USERS\AMIR\DOCUMENTS\VISUAL STUDIO 2010\PROJECTS\3DENGINE\3DENGINE\DEBUG\GAME.OBJ
C:\USERS\AMIR\DOCUMENTS\VISUAL STUDIO 2010\PROJECTS\3DENGINE\3DENGINE\DEBUG\GAMEOBJECT.OBJ
C:\USERS\AMIR\DOCUMENTS\VISUAL STUDIO 2010\PROJECTS\3DENGINE\3DENGINE\DEBUG\GAMEOBJECTFACTORY.OBJ
C:\USERS\AMIR\DOCUMENTS\VISUAL STUDIO 2010\PROJECTS\3DENGINE\3DENGINE\DEBUG\GAMESTATE.OBJ
C:\USERS\AMIR\DOCUMENTS\VISUAL STUDIO 2010\PROJECTS\3DENGINE\3DENGINE\DEBUG\GLSHADER.OBJ
C:\USERS\AMIR\DOCUMENTS\VISUAL STUDIO 2010\PROJECTS\3DENGINE\3DENGINE\DEBUG\GRAPH.OBJ
C:\USERS\AMIR\DOCUMENTS\VISUAL STUDIO 2010\PROJECTS\3DENGINE\3DENGINE\DEBUG\HUDUI.OBJ
C:\USERS\AMIR\DOCUMENTS\VISUAL STUDIO 2010\PROJECTS\3DENGINE\3DENGINE\DEBUG\IDLESTATE.OBJ
C:\USERS\AMIR\DOCUMENTS\VISUAL STUDIO 2010\PROJECTS\3DENGINE\3DENGINE\DEBUG\IMAGE.OBJ
C:\USERS\AMIR\DOCUMENTS\VISUAL STUDIO 2010\PROJECTS\3DENGINE\3DENGINE\DEBUG\JOYSTICK.OBJ
C:\USERS\AMIR\DOCUMENTS\VISUAL STUDIO 2010\PROJECTS\3DENGINE\3DENGINE\DEBUG\LIGHT.OBJ
C:\USERS\AMIR\DOCUMENTS\VISUAL STUDIO 2010\PROJECTS\3DENGINE\3DENGINE\DEBUG\LINESEG3.OBJ
C:\USERS\AMIR\DOCUMENTS\VISUAL STUDIO 2010\PROJECTS\3DENGINE\3DENGINE\DEBUG\LOG.OBJ
C:\USERS\AMIR\DOCUMENTS\VISUAL STUDIO 2010\PROJECTS\3DENGINE\3DENGINE\DEBUG\AABB.OBJ
C:\USERS\AMIR\DOCUMENTS\VISUAL STUDIO 2010\PROJECTS\3DENGINE\3DENGINE\DEBUG\AIDEMOSTATE.OBJ
C:\USERS\AMIR\DOCUMENTS\VISUAL STUDIO 2010\PROJECTS\3DENGINE\3DENGINE\DEBUG\AIWISDOM.OBJ
C:\USERS\AMIR\DOCUMENTS\VISUAL STUDIO 2010\PROJECTS\3DENGINE\3DENGINE\DEBUG\AUDIODEMOSTATE.OBJ
C:\USERS\AMIR\DOCUMENTS\VISUAL STUDIO 2010\PROJECTS\3DENGINE\3DENGINE\DEBUG\BILLBOARD.OBJ
C:\USERS\AMIR\DOCUMENTS\VISUAL STUDIO 2010\PROJECTS\3DENGINE\3DENGINE\DEBUG\BOARD.OBJ
C:\USERS\AMIR\DOCUMENTS\VISUAL STUDIO 2010\PROJECTS\3DENGINE\3DENGINE\DEBUG\BOX3D.OBJ
C:\USERS\AMIR\DOCUMENTS\VISUAL STUDIO 2010\PROJECTS\3DENGINE\3DENGINE\DEBUG\CAMERACONTROLLER.OBJ
C:\USERS\AMIR\DOCUMENTS\VISUAL STUDIO 2010\PROJECTS\3DENGINE\3DENGINE\DEBUG\CLOTH.OBJ
C:\USERS\AMIR\DOCUMENTS\VISUAL STUDIO 2010\PROJECTS\3DENGINE\3DENGINE\DEBUG\COLLISIONMESH.OBJ
C:\USERS\AMIR\DOCUMENTS\VISUAL STUDIO 2010\PROJECTS\3DENGINE\3DENGINE\DEBUG\COLLISIONSPHERE.OBJ
C:\USERS\AMIR\DOCUMENTS\VISUAL STUDIO 2010\PROJECTS\3DENGINE\3DENGINE\DEBUG\COLLISIONSYSTEM.OBJ
C:\USERS\AMIR\DOCUMENTS\VISUAL STUDIO 2010\PROJECTS\3DENGINE\3DENGINE\DEBUG\CRATE.OBJ
C:\USERS\AMIR\DOCUMENTS\VISUAL STUDIO 2010\PROJECTS\3DENGINE\3DENGINE\DEBUG\DEPTHFIRSTSEARCHTEST.OBJ
C:\USERS\AMIR\DOCUMENTS\VISUAL STUDIO 2010\PROJECTS\3DENGINE\3DENGINE\DEBUG\ENEMY.OBJ
C:\USERS\AMIR\DOCUMENTS\VISUAL STUDIO 2010\PROJECTS\3DENGINE\3DENGINE\DEBUG\EVENTHANDLER.OBJ
C:\USERS\AMIR\DOCUMENTS\VISUAL STUDIO 2010\PROJECTS\3DENGINE\3DENGINE\DEBUG\EVENTPOLLER.OBJ
C:\USERS\AMIR\DOCUMENTS\VISUAL STUDIO 2010\PROJECTS\3DENGINE\3DENGINE\DEBUG\VC110.PDB
C:\USERS\AMIR\DOCUMENTS\VISUAL STUDIO 2010\PROJECTS\3DENGINE\DEBUG\3DENGINE.ILK
C:\USERS\AMIR\DOCUMENTS\VISUAL STUDIO 2010\PROJECTS\3DENGINE\DEBUG\3DENGINE.EXE
C:\USERS\AMIR\DOCUMENTS\VISUAL STUDIO 2010\PROJECTS\3DENGINE\DEBUG\3DENGINE.PDB
C:\Users\Amir\Documents\Visual Studio 2010\Projects\3DEngine\3DEngine\Debug\AABB.obj
C:\Users\Amir\Documents\Visual Studio 2010\Projects\3DEngine\3DEngine\Debug\AIDemoState.obj
C:\Users\Amir\Documents\Visual Studio 2010\Projects\3DEngine\3DEngine\Debug\AIWisdom.obj
C:\Users\Amir\Documents\Visual Studio 2010\Projects\3DEngine\3DEngine\Debug\AudioDemoState.obj
C:\Users\Amir\Documents\Visual Studio 2010\Projects\3DEngine\3DEngine\Debug\Billboard.obj
C:\Users\Amir\Documents\Visual Studio 2010\Projects\3DEngine\3DEngine\Debug\Board.obj
C:\Users\Amir\Documents\Visual Studio 2010\Projects\3DEngine\3DEngine\Debug\Box3D.obj
C:\Users\Amir\Documents\Visual Studio 2010\Projects\3DEngine\3DEngine\Debug\CameraController.obj
C:\Users\Amir\Documents\Visual Studio 2010\Projects\3DEngine\3DEngine\Debug\Cloth.obj
C:\Users\Amir\Documents\Visual Studio 2010\Projects\3DEngine\3DEngine\Debug\CollisionMesh.obj
C:\Users\Amir\Documents\Visual Studio 2010\Projects\3DEngine\3DEngine\Debug\CollisionSphere.obj
C:\Users\Amir\Documents\Visual Studio 2010\Projects\3DEngine\3DEngine\Debug\CollisionSystem.obj
C:\Users\Amir\Documents\Visual Studio 2010\Projects\3DEngine\3DEngine\Debug\Crate.obj
C:\Users\Amir\Documents\Visual Studio 2010\Projects\3DEngine\3DEngine\Debug\DepthFirstSearchTest.obj
C:\Users\Amir\Documents\Visual Studio 2010\Projects\3DEngine\3DEngine\Debug\Enemy.obj
C:\Users\Amir\Documents\Visual Studio 2010\Projects\3DEngine\3DEngine\Debug\EventHandler.obj
C:\Users\Amir\Documents\Visual Studio 2010\Projects\3DEngine\3DEngine\Debug\EventPoller.obj
C:\Users\Amir\Documents\Visual Studio 2010\Projects\3DEngine\3DEngine\Debug\Exit.obj
C:\Users\Amir\Documents\Visual Studio 2010\Projects\3DEngine\3DEngine\Debug\Factory.obj
C:\Users\Amir\Documents\Visual Studio 2010\Projects\3DEngine\3DEngine\Debug\File.obj
C:\Users\Amir\Documents\Visual Studio 2010\Projects\3DEngine\3DEngine\Debug\FileHeaderReader.obj
C:\Users\Amir\Documents\Visual Studio 2010\Projects\3DEngine\3DEngine\Debug\FontManager.obj
C:\Users\Amir\Documents\Visual Studio 2010\Projects\3DEngine\3DEngine\Debug\Frustum.obj
C:\Users\Amir\Documents\Visual Studio 2010\Projects\3DEngine\3DEngine\Debug\FuzzyLogicTestState.obj
C:\Users\Amir\Documents\Visual Studio 2010\Projects\3DEngine\3DEngine\Debug\Game.obj
C:\Users\Amir\Documents\Visual Studio 2010\Projects\3DEngine\3DEngine\Debug\GameObject.obj
C:\Users\Amir\Documents\Visual Studio 2010\Projects\3DEngine\3DEngine\Debug\GameObjectFactory.obj
C:\Users\Amir\Documents\Visual Studio 2010\Projects\3DEngine\3DEngine\Debug\GameState.obj
C:\Users\Amir\Documents\Visual Studio 2010\Projects\3DEngine\3DEngine\Debug\GLShader.obj
C:\Users\Amir\Documents\Visual Studio 2010\Projects\3DEngine\3DEngine\Debug\Graph.obj
C:\Users\Amir\Documents\Visual Studio 2010\Projects\3DEngine\3DEngine\Debug\HudUI.obj
C:\Users\Amir\Documents\Visual Studio 2010\Projects\3DEngine\3DEngine\Debug\IdleState.obj
C:\Users\Amir\Documents\Visual Studio 2010\Projects\3DEngine\3DEngine\Debug\Image.obj
C:\Users\Amir\Documents\Visual Studio 2010\Projects\3DEngine\3DEngine\Debug\Joystick.obj
C:\Users\Amir\Documents\Visual Studio 2010\Projects\3DEngine\3DEngine\Debug\Light.obj
C:\Users\Amir\Documents\Visual Studio 2010\Projects\3DEngine\3DEngine\Debug\LineSeg3.obj
C:\Users\Amir\Documents\Visual Studio 2010\Projects\3DEngine\3DEngine\Debug\Log.obj
C:\Users\Amir\Documents\Visual Studio 2010\Projects\3DEngine\3DEngine\Debug\LossState.obj
C:\Users\Amir\Documents\Visual Studio 2010\Projects\3DEngine\3DEngine\Debug\Main.obj
C:\Users\Amir\Documents\Visual Studio 2010\Projects\3DEngine\3DEngine\Debug\MakeOctree.obj
C:\Users\Amir\Documents\Visual Studio 2010\Projects\3DEngine\3DEngine\Debug\Material.obj
C:\Users\Amir\Documents\Visual Studio 2010\Projects\3DEngine\3DEngine\Debug\Matix.obj
C:\Users\Amir\Documents\Visual Studio 2010\Projects\3DEngine\3DEngine\Debug\MgcDistLin3Lin3.obj
C:\Users\Amir\Documents\Visual Studio 2010\Projects\3DEngine\3DEngine\Debug\MgcDistLin3Tri3.obj
C:\Users\Amir\Documents\Visual Studio 2010\Projects\3DEngine\3DEngine\Debug\MgcDistVec3Tri3.obj
C:\Users\Amir\Documents\Visual Studio 2010\Projects\3DEngine\3DEngine\Debug\MgcMath.obj
C:\Users\Amir\Documents\Visual Studio 2010\Projects\3DEngine\3DEngine\Debug\MgcPlane.obj
C:\Users\Amir\Documents\Visual Studio 2010\Projects\3DEngine\3DEngine\Debug\MgcVector3.obj
C:\Users\Amir\Documents\Visual Studio 2010\Projects\3DEngine\3DEngine\Debug\NodePriorityQueue.obj
C:\Users\Amir\Documents\Visual Studio 2010\Projects\3DEngine\3DEngine\Debug\Npc.obj
C:\Users\Amir\Documents\Visual Studio 2010\Projects\3DEngine\3DEngine\Debug\OBB3.obj
C:\Users\Amir\Documents\Visual Studio 2010\Projects\3DEngine\3DEngine\Debug\ObjMesh.obj
C:\Users\Amir\Documents\Visual Studio 2010\Projects\3DEngine\3DEngine\Debug\ObjMeshFunction.obj
C:\Users\Amir\Documents\Visual Studio 2010\Projects\3DEngine\3DEngine\Debug\Octree.obj
C:\Users\Amir\Documents\Visual Studio 2010\Projects\3DEngine\3DEngine\Debug\Particle.obj
C:\Users\Amir\Documents\Visual Studio 2010\Projects\3DEngine\3DEngine\Debug\PhysicsDemoState.obj
C:\Users\Amir\Documents\Visual Studio 2010\Projects\3DEngine\3DEngine\Debug\Plance.obj
C:\Users\Amir\Documents\Visual Studio 2010\Projects\3DEngine\3DEngine\Debug\Player.obj
C:\Users\Amir\Documents\Visual Studio 2010\Projects\3DEngine\3DEngine\Debug\PlayState.obj
C:\Users\Amir\Documents\Visual Studio 2010\Projects\3DEngine\3DEngine\Debug\PortSndAudioManager.obj
C:\Users\Amir\Documents\Visual Studio 2010\Projects\3DEngine\3DEngine\Debug\Quaternion.obj
C:\Users\Amir\Documents\Visual Studio 2010\Projects\3DEngine\3DEngine\Debug\RedTeapot.obj
C:\Users\Amir\Documents\Visual Studio 2010\Projects\3DEngine\3DEngine\Debug\Report.obj
C:\Users\Amir\Documents\Visual Studio 2010\Projects\3DEngine\3DEngine\Debug\RidgidBodyGO.obj
C:\Users\Amir\Documents\Visual Studio 2010\Projects\3DEngine\3DEngine\Debug\Room.obj
C:\Users\Amir\Documents\Visual Studio 2010\Projects\3DEngine\3DEngine\Debug\Screen.obj
C:\Users\Amir\Documents\Visual Studio 2010\Projects\3DEngine\3DEngine\Debug\SimpleCollisionSystem.obj
C:\Users\Amir\Documents\Visual Studio 2010\Projects\3DEngine\3DEngine\Debug\SoundFile.obj
C:\Users\Amir\Documents\Visual Studio 2010\Projects\3DEngine\3DEngine\Debug\SoundManager.obj
C:\Users\Amir\Documents\Visual Studio 2010\Projects\3DEngine\3DEngine\Debug\SplashState.obj
C:\Users\Amir\Documents\Visual Studio 2010\Projects\3DEngine\3DEngine\Debug\Spring.obj
C:\Users\Amir\Documents\Visual Studio 2010\Projects\3DEngine\3DEngine\Debug\SweepAndPrune.obj
C:\Users\Amir\Documents\Visual Studio 2010\Projects\3DEngine\3DEngine\Debug\TestState.obj
C:\Users\Amir\Documents\Visual Studio 2010\Projects\3DEngine\3DEngine\Debug\TextureManager.obj
C:\Users\Amir\Documents\Visual Studio 2010\Projects\3DEngine\3DEngine\Debug\TimeLine.obj
C:\Users\Amir\Documents\Visual Studio 2010\Projects\3DEngine\3DEngine\Debug\Timer.obj
C:\Users\Amir\Documents\Visual Studio 2010\Projects\3DEngine\3DEngine\Debug\WinState.obj
C:\Users\Amir\Documents\Visual Studio 2010\Projects\3DEngine\3DEngine\Debug\cl.command.1.tlog
C:\Users\Amir\Documents\Visual Studio 2010\Projects\3DEngine\3DEngine\Debug\CL.read.1.tlog
C:\Users\Amir\Documents\Visual Studio 2010\Projects\3DEngine\3DEngine\Debug\CL.write.1.tlog
C:\Users\Amir\Documents\Visual Studio 2010\Projects\3DEngine\3DEngine\Debug\link-cvtres.read.1.tlog
C:\Users\Amir\Documents\Visual Studio 2010\Projects\3DEngine\3DEngine\Debug\link-cvtres.write.1.tlog
C:\Users\Amir\Documents\Visual Studio 2010\Projects\3DEngine\3DEngine\Debug\link-rc.read.1.tlog
C:\Users\Amir\Documents\Visual Studio 2010\Projects\3DEngine\3DEngine\Debug\link-rc.write.1.tlog
C:\Users\Amir\Documents\Visual Studio 2010\Projects\3DEngine\3DEngine\Debug\link.1100-cvtres.read.1.tlog
C:\Users\Amir\Documents\Visual Studio 2010\Projects\3DEngine\3DEngine\Debug\link.1100-cvtres.write.1.tlog
C:\Users\Amir\Documents\Visual Studio 2010\Projects\3DEngine\3DEngine\Debug\link.1100-rc.read.1.tlog
C:\Users\Amir\Documents\Visual Studio 2010\Projects\3DEngine\3DEngine\Debug\link.1100-rc.write.1.tlog
C:\Users\Amir\Documents\Visual Studio 2010\Projects\3DEngine\3DEngine\Debug\link.1100.read.1.tlog
C:\Users\Amir\Documents\Visual Studio 2010\Projects\3DEngine\3DEngine\Debug\link.1100.write.1.tlog
C:\Users\Amir\Documents\Visual Studio 2010\Projects\3DEngine\3DEngine\Debug\link.9272-cvtres.read.1.tlog
C:\Users\Amir\Documents\Visual Studio 2010\Projects\3DEngine\3DEngine\Debug\link.9272-cvtres.write.1.tlog
C:\Users\Amir\Documents\Visual Studio 2010\Projects\3DEngine\3DEngine\Debug\link.9272-rc.read.1.tlog
C:\Users\Amir\Documents\Visual Studio 2010\Projects\3DEngine\3DEngine\Debug\link.9272-rc.write.1.tlog
C:\Users\Amir\Documents\Visual Studio 2010\Projects\3DEngine\3DEngine\Debug\link.9272.read.1.tlog
C:\Users\Amir\Documents\Visual Studio 2010\Projects\3DEngine\3DEngine\Debug\link.9272.write.1.tlog
C:\Users\Amir\Documents\Visual Studio 2010\Projects\3DEngine\3DEngine\Debug\link.command.1.tlog
C:\Users\Amir\Documents\Visual Studio 2010\Projects\3DEngine\3DEngine\Debug\link.read.1.tlog
C:\Users\Amir\Documents\Visual Studio 2010\Projects\3DEngine\3DEngine\Debug\link.write.1.tlog
C:\Users\Amir\Documents\Visual Studio 2010\Projects\3DEngine\3DEngine\Debug\vc110.idb
C:\Users\Amir\Documents\Visual Studio 2010\Projects\3DEngine\3DEngine\Debug\vc110.pdb
C:\Users\Amir\Documents\Visual Studio 2010\Projects\3DEngine\Debug\3DEngine.pdb
C:\Users\Amir\Documents\Visual Studio 2010\Projects\3DEngine\Debug\3DEngine.exe
C:\Users\Amir\Documents\Visual Studio 2010\Projects\3DEngine\Debug\3DEngine.ilk
